<?xml version="1.0" encoding="UTF-8"?>
<!-- Generated by org.testng.reporters.JUnitReportReporter -->
<testsuite hostname="DESKTOP-KB2S39B" failures="0" tests="1" name="qa.test.TestCase13" time="14.692" errors="0" timestamp="2023-11-07T15:09:24 IST" skipped="0">
  <testcase classname="qa.test.TestCase13" name="verifyUserfindManageApointmentsinLaboratory" time="14.692"/>
  <system-out/>
</testsuite> <!-- qa.test.TestCase13 -->
