<?xml version="1.0" encoding="UTF-8"?>
<!-- Generated by org.testng.reporters.JUnitReportReporter -->
<testsuite hostname="DESKTOP-KB2S39B" failures="0" tests="1" name="qa.test.TestCase3" time="34.175" errors="0" timestamp="2023-11-06T19:07:18 IST" skipped="0">
  <testcase classname="qa.test.TestCase3" name="verifyRegisterPatient" time="34.175"/>
  <system-out/>
</testsuite> <!-- qa.test.TestCase3 -->
