<?xml version="1.0" encoding="UTF-8"?>
<!-- Generated by org.testng.reporters.JUnitReportReporter -->
<testsuite hostname="DESKTOP-KB2S39B" failures="0" tests="1" name="qa.test.TestCase2" time="16.637" errors="0" timestamp="2023-11-02T18:49:14 IST" skipped="0">
  <testcase classname="qa.test.TestCase2" name="isUserfindPatientRecord" time="16.637"/>
  <system-out/>
</testsuite> <!-- qa.test.TestCase2 -->
