<?xml version="1.0" encoding="UTF-8"?>
<!-- Generated by org.testng.reporters.JUnitReportReporter -->
<testsuite hostname="DESKTOP-KB2S39B" failures="0" tests="1" name="qa.test.TestCase1" time="7.829" errors="0" timestamp="2023-11-01T19:39:45 IST" skipped="0">
  <testcase classname="qa.test.TestCase1" name="sampleMethodforEnteringCred" time="7.829"/>
  <system-out/>
</testsuite> <!-- qa.test.TestCase1 -->
