<?xml version="1.0" encoding="UTF-8"?>
<!-- Generated by org.testng.reporters.JUnitReportReporter -->
<testsuite hostname="DESKTOP-KB2S39B" failures="0" tests="1" name="qa.test.TestCase4" time="20.635" errors="0" timestamp="2023-11-03T19:43:09 IST" skipped="0">
  <testcase classname="qa.test.TestCase4" name="verifyUsercreatingNewservicesinManageServicesType" time="20.635"/>
  <system-out/>
</testsuite> <!-- qa.test.TestCase4 -->
