<?xml version="1.0" encoding="UTF-8"?>
<!-- Generated by org.testng.reporters.JUnitReportReporter -->
<testsuite hostname="DESKTOP-KB2S39B" failures="0" tests="1" name="qa.test.TestCase14" time="17.575" errors="0" timestamp="2023-11-07T16:16:01 IST" skipped="0">
  <testcase classname="qa.test.TestCase14" name="verifyUserSearchByNameInVitalCapture" time="17.575"/>
  <system-out/>
</testsuite> <!-- qa.test.TestCase14 -->
