<?xml version="1.0" encoding="UTF-8"?>
<!-- Generated by org.testng.reporters.JUnitReportReporter -->
<testsuite hostname="DESKTOP-KB2S39B" failures="0" tests="1" name="qa.test.TestCase11" time="31.888" errors="0" timestamp="2023-11-06T15:09:18 IST" skipped="0">
  <testcase classname="qa.test.TestCase11" name="verifyRegisterPatientLaboratory" time="31.888"/>
  <system-out/>
</testsuite> <!-- qa.test.TestCase11 -->
