<?xml version="1.0" encoding="UTF-8"?>
<!-- Generated by org.testng.reporters.JUnitReportReporter -->
<testsuite hostname="DESKTOP-KB2S39B" failures="0" tests="1" name="qa.test.TestCase8" time="20.917" errors="0" timestamp="2023-11-06T14:10:52 IST" skipped="0">
  <testcase classname="qa.test.TestCase8" name="verifyUsercreatingNewservicesinManageServicesTypeIsolation" time="20.917"/>
  <system-out/>
</testsuite> <!-- qa.test.TestCase8 -->
