<?xml version="1.0" encoding="UTF-8"?>
<!-- Generated by org.testng.reporters.JUnitReportReporter -->
<testsuite hostname="DESKTOP-KB2S39B" failures="0" tests="1" name="qa.test.TestCase12" time="20.750" errors="0" timestamp="2023-11-07T15:13:20 IST" skipped="0">
  <testcase classname="qa.test.TestCase12" name="verifyUsercreatingNewservicesinManageServicesTypeLaboratory" time="20.750"/>
  <system-out/>
</testsuite> <!-- qa.test.TestCase12 -->
