<?xml version="1.0" encoding="UTF-8"?>
<!-- Generated by org.testng.reporters.JUnitReportReporter -->
<testsuite hostname="DESKTOP-KB2S39B" failures="0" tests="1" name="qa.test.TestCase15" time="18.372" errors="0" timestamp="2023-11-07T22:36:23 IST" skipped="0">
  <testcase classname="qa.test.TestCase15" name="verifyUserSearchByIDInVitalCapture" time="18.372"/>
  <system-out/>
</testsuite> <!-- qa.test.TestCase15 -->
