<?xml version="1.0" encoding="UTF-8"?>
<!-- Generated by org.testng.reporters.JUnitReportReporter -->
<testsuite hostname="DESKTOP-KB2S39B" failures="0" tests="1" name="qa.test.TestCase13" time="9.992" errors="0" timestamp="2023-11-06T19:19:31 IST" skipped="0">
  <testcase classname="qa.test.TestCase13" name="verifyUserfindManageApointmentsinLaboratory" time="9.992"/>
  <system-out/>
</testsuite> <!-- qa.test.TestCase13 -->
