<?xml version="1.0" encoding="UTF-8"?>
<!-- Generated by org.testng.reporters.JUnitReportReporter -->
<testsuite hostname="DESKTOP-KB2S39B" failures="0" tests="1" name="qa.test.TestCase10" time="23.150" errors="0" timestamp="2023-11-06T15:05:32 IST" skipped="0">
  <testcase classname="qa.test.TestCase10" name="verifyIsUserfindPatientRecord" time="23.150"/>
  <system-out/>
</testsuite> <!-- qa.test.TestCase10 -->
