<?xml version="1.0" encoding="UTF-8"?>
<!-- Generated by org.testng.reporters.JUnitReportReporter -->
<testsuite hostname="DESKTOP-KB2S39B" failures="0" tests="1" name="qa.test.TestCase16" time="27.747" errors="0" timestamp="2023-11-07T22:38:02 IST" skipped="0">
  <testcase classname="qa.test.TestCase16" name="registerPatientUsingExcelData" time="27.747"/>
  <system-out/>
</testsuite> <!-- qa.test.TestCase16 -->
