<?xml version="1.0" encoding="UTF-8"?>
<!-- Generated by org.testng.reporters.JUnitReportReporter -->
<testsuite hostname="DESKTOP-KB2S39B" failures="0" tests="1" name="qa.test.TestCase1" time="9.084" errors="0" timestamp="2023-11-03T19:29:19 IST" skipped="0">
  <testcase classname="qa.test.TestCase1" name="sampleMethodforEnteringCred" time="9.084"/>
  <system-out/>
</testsuite> <!-- qa.test.TestCase1 -->
