<?xml version="1.0" encoding="UTF-8"?>
<!-- Generated by org.testng.reporters.JUnitReportReporter -->
<testsuite hostname="DESKTOP-KB2S39B" failures="0" tests="1" name="OpenEMR_Automation_Test.OpenEMR_Automation_Test.LauchBrowsers" time="11.497" errors="0" timestamp="2023-11-01T16:42:13 IST" skipped="0">
  <testcase classname="OpenEMR_Automation_Test.OpenEMR_Automation_Test.LauchBrowsers" name="LaunchChrome" time="11.497"/>
  <system-out/>
</testsuite> <!-- OpenEMR_Automation_Test.OpenEMR_Automation_Test.LauchBrowsers -->
