<?xml version="1.0" encoding="UTF-8"?>
<!-- Generated by org.testng.reporters.JUnitReportReporter -->
<testsuite hostname="DESKTOP-KB2S39B" failures="0" tests="1" name="qa.test.TestCase5" time="17.315" errors="0" timestamp="2023-11-03T19:15:25 IST" skipped="0">
  <testcase classname="qa.test.TestCase5" name="verifyIsUserfindPatientRecord" time="17.315"/>
  <system-out/>
</testsuite> <!-- qa.test.TestCase5 -->
