<?xml version="1.0" encoding="UTF-8"?>
<!-- Generated by org.testng.reporters.JUnitReportReporter -->
<testsuite hostname="DESKTOP-KB2S39B" failures="0" tests="1" name="qa.test.TestCase6" time="31.324" errors="0" timestamp="2023-11-03T19:42:30 IST" skipped="0">
  <testcase classname="qa.test.TestCase6" name="verifyRegisterPatientIsolation" time="31.324"/>
  <system-out/>
</testsuite> <!-- qa.test.TestCase6 -->
