<?xml version="1.0" encoding="UTF-8"?>
<!-- Generated by org.testng.reporters.JUnitReportReporter -->
<testsuite hostname="DESKTOP-KB2S39B" failures="0" tests="1" name="qa.test.TestCase9" time="23.985" errors="0" timestamp="2023-11-06T14:49:33 IST" skipped="0">
  <testcase classname="qa.test.TestCase9" name="verifyUserfindManageApointmentsinIsolation" time="23.985"/>
  <system-out/>
</testsuite> <!-- qa.test.TestCase9 -->
